<?xml version="1.0" encoding="UTF-8"?>
<!-- Generated by org.testng.reporters.JUnitReportReporter -->
<testsuite hostname="SYNPYBRL047MN56" failures="0" tests="1" name="acttime.LoginToActTimeTest" time="13.588" errors="0" timestamp="2023-10-12T10:15:17 IST" skipped="0">
  <testcase classname="acttime.LoginToActTimeTest" name="loginToAppTest" time="13.588"/>
</testsuite> <!-- acttime.LoginToActTimeTest -->
